{
  "stats": {
    "suites": 1,
    "tests": 1,
    "passes": 1,
    "pending": 0,
    "failures": 0,
    "start": "2024-12-04T14:55:43.089Z",
    "end": "2024-12-04T14:56:03.507Z",
    "duration": 20418,
    "testsRegistered": 1,
    "passPercent": 100,
    "pendingPercent": 0,
    "other": 0,
    "hasOther": false,
    "skipped": 0,
    "hasSkipped": false
  },
  "results": [
    {
      "uuid": "3b73e04c-c4c1-4fe0-a4ec-73b3d89ae601",
      "title": "",
      "fullFile": "cypress/e2e/challenge/demoqa.cy.js",
      "file": "cypress/e2e/challenge/demoqa.cy.js",
      "beforeHooks": [],
      "afterHooks": [],
      "tests": [],
      "suites": [
        {
          "uuid": "08721938-fbbe-413c-a8b3-43a37e56b3b2",
          "title": "Automation demo qa tools",
          "fullFile": "",
          "file": "",
          "beforeHooks": [],
          "afterHooks": [],
          "tests": [
            {
              "title": "TC6 Upload and download a file",
              "fullTitle": "Automation demo qa tools TC6 Upload and download a file",
              "timedOut": null,
              "duration": 10609,
              "state": "passed",
              "speed": "slow",
              "pass": true,
              "fail": false,
              "pending": false,
              "context": null,
              "code": "cy.visit('https://demoqa.com/upload-download');\n// Verify and log the download file name\ncy.get('#downloadButton').invoke('attr', 'download').should('eq', 'sampleFile.jpeg').then(fileName => {\n  cy.log(`File to download: ${fileName}`);\n  // Click the download button\n  cy.get('#downloadButton').click();\n  // Verify the file exists in the downloads folder\n  const downloadPath = `/Users/elenarumiantseva/Desktop/demoqa/cypress/downloads/${fileName}`;\n  cy.readFile(downloadPath).should('exist');\n  // Upload the file\n  cy.get('#uploadFile').selectFile(downloadPath);\n  // Verify the uploaded file path\n  cy.get('#uploadedFilePath').should('contain.text', fileName);\n});",
              "err": {},
              "uuid": "cf0d470b-0f83-4aa4-94ed-b2f45a3e3417",
              "parentUUID": "08721938-fbbe-413c-a8b3-43a37e56b3b2",
              "isHook": false,
              "skipped": false
            }
          ],
          "suites": [],
          "passes": [
            "cf0d470b-0f83-4aa4-94ed-b2f45a3e3417"
          ],
          "failures": [],
          "pending": [],
          "skipped": [],
          "duration": 10609,
          "root": false,
          "rootEmpty": false,
          "_timeout": 2000
        }
      ],
      "passes": [],
      "failures": [],
      "pending": [],
      "skipped": [],
      "duration": 0,
      "root": true,
      "rootEmpty": true,
      "_timeout": 2000
    }
  ],
  "meta": {
    "mocha": {
      "version": "7.0.1"
    },
    "mochawesome": {
      "options": {
        "quiet": false,
        "reportFilename": "mochawesome",
        "saveHtml": true,
        "saveJson": true,
        "consoleReporter": "spec",
        "useInlineDiffs": false,
        "code": true
      },
      "version": "7.1.3"
    },
    "marge": {
      "options": {
        "reportDir": "cypress/reports",
        "overwrite": false,
        "html": true,
        "json": true
      },
      "version": "6.2.0"
    }
  }
}